[ApiKeyStore] Loaded API Key config with 6 devices.
[AuthService] Loaded ACL config with 4 users.
[AuthService][Bounds] Loaded 3 local bounds for project 990e8400-e29b-41d4-a716-999999999999
[AuthService][Bounds] Loaded 2 local bounds for project 550e8400-e29b-41d4-a716-446655440000
[AuthService][Bounds] Loaded 3 local bounds for project 048a7077-dc4b-4554-ac65-efa62270f878
[AuthService][Bounds] Loaded 3 local bounds for project 8d8ca656-b014-4168-b9a6-aee066b798c2
[AuthService][Bounds] Loaded 3 local bounds for project 92717667-9ced-4ccb-a7be-54936e0f950f
Server Address: http://cps-dttest.cs.rptu.de:8088/version
Server Result at get Version:0
data at get Version:None
Login Version 3
Server Address: http://cps-dttest.cs.rptu.de:8088/login
Server Result: 0
Server result at Login{"barrierString":"YTJkNGY4OGMtMTAxNi00MzdhLThjN2QtNDljOGE2YTI2OTFm"}
CONNECT client_id=digital-twin-server
[Session] Internal client auto-authenticated.
PUBLISH topic=connectToTwin payload_bytes=100
CONNECT client_id=
[AuthService] Loaded ACL config with 4 users.
[ApiKeyStore] Loaded API Key config with 6 devices.
[ApiKeyStore] Physical Twin 'sensor-01' authenticated successfully via API Key.
[Session] CONNECT accepted for user PHYSICAL_TWIN
[AuthService][Bounds] Non-JSON payload on topic '048a7077-dc4b-4554-ac65-efa62270f878/sensor-01/status' — skipping bounds validation: <unspecified file>(1): expected value
[AuthService][Layer B] Non-JSON payload, bypassing Layer B: [json.exception.parse_error.101] parse error at line 1, column 1: syntax error while parsing value - invalid literal; last read: 'O'
PUBLISH topic=048a7077-dc4b-4554-ac65-efa62270f878/sensor-01/status payload_bytes=6
CONNECT client_id=
[AuthService] Loaded ACL config with 4 users.
Server Address: http://cps-dttest.cs.rptu.de:8088/version
Server Result at get Version:0
data at get Version:None
Login Version 3
Server Address: http://cps-dttest.cs.rptu.de:8088/login
Server Result: 0
Server result at Login{"barrierString":"YTJkNGY4OGMtMTAxNi00MzdhLThjN2QtNDljOGE2YTI2OTFm"}
Server Address: http://cps-dttest.cs.rptu.de:8088/projects
[AuthService] User admin authenticated (Hybrid) with 5 ACL-scoped project(s).
[Session] CONNECT accepted for user admin
[AuthService][Bounds][DEBUG] Validating payload on topic '048a7077-dc4b-4554-ac65-efa62270f878/sensor-01/telemetry' against 3 constraint(s)
[AuthService][Bounds][DEBUG] Checking 'temperature' = 50.5 against [0, 120]... OK
[AuthService][Bounds] ✓ Payload validation passed for topic '048a7077-dc4b-4554-ac65-efa62270f878/sensor-01/telemetry'
[AuthService][Layer B] curl_easy_perform() failed: Could not connect to server
PUBLISH topic=048a7077-dc4b-4554-ac65-efa62270f878/sensor-01/telemetry payload_bytes=21
CONNECT client_id=
[AuthService] Loaded ACL config with 4 users.
Server Address: http://cps-dttest.cs.rptu.de:8088/version
Server Result at get Version:0
data at get Version:None
Login Version 3
Server Address: http://cps-dttest.cs.rptu.de:8088/login
Server Result: 0
Server result at Login{"barrierString":"YTJkNGY4OGMtMTAxNi00MzdhLThjN2QtNDljOGE2YTI2OTFm"}
Server Address: http://cps-dttest.cs.rptu.de:8088/projects
[AuthService] User admin authenticated (Hybrid) with 5 ACL-scoped project(s).
[Session] CONNECT accepted for user admin
[AuthService][Bounds][DEBUG] Validating payload on topic '048a7077-dc4b-4554-ac65-efa62270f878/sensor-01/telemetry' against 3 constraint(s)
[AuthService][Bounds][DEBUG] Checking 'temperature' = 150 against [0, 120]... VIOLATION!
[SECURITY ALERT][Layer A] Payload violation on topic '048a7077-dc4b-4554-ac65-efa62270f878/sensor-01/telemetry': attribute 'temperature' = 150 violates bounds [0, 120]
[SECURITY ALERT][Layer A] ✗ Rejecting payload: 1 constraint(s) violated
[Session][Layer A] Hard-bounds violation by admin on topic 048a7077-dc4b-4554-ac65-efa62270f878/sensor-01/telemetry — disconnecting.
CONNECT client_id=
[AuthService] Loaded ACL config with 4 users.
[ApiKeyStore] Loaded API Key config with 6 devices.
[ApiKeyStore] Physical Twin 'sensor-01' authenticated successfully via API Key.
[Session] CONNECT accepted for user PHYSICAL_TWIN
[Session] PUBLISH denied: sensor-01 cannot publish to 048a7077-dc4b-4554-ac65-efa62270f878/sensor-02/status
CONNECT client_id=
[AuthService] Loaded ACL config with 4 users.
Server Address: http://cps-dttest.cs.rptu.de:8088/version
Server Result at get Version:0
data at get Version:None
Login Version 3
Server Address: http://cps-dttest.cs.rptu.de:8088/login
Server Result: 0
Server result at Login{"barrierString":"YTJkNGY4OGMtMTAxNi00MzdhLThjN2QtNDljOGE2YTI2OTFm"}
Server Address: http://cps-dttest.cs.rptu.de:8088/projects
[AuthService] User admin authenticated (Hybrid) with 5 ACL-scoped project(s).
[Session] CONNECT accepted for user admin
[Session] PUBLISH denied: admin cannot publish to dt/system/integrity
CONNECT client_id=
[AuthService] Loaded ACL config with 4 users.
Server Address: http://cps-dttest.cs.rptu.de:8088/version
Server Result at get Version:0
data at get Version:None
Login Version 3
Server Address: http://cps-dttest.cs.rptu.de:8088/login
CONNECT client_id=
Server Result: 0
Server result at Login{"barrierString":"YTJkNGY4OGMtMTAxNi00MzdhLThjN2QtNDljOGE2YTI2OTFm"}
Server Address: http://cps-dttest.cs.rptu.de:8088/projects
[AuthService] User admin authenticated (Hybrid) with 5 ACL-scoped project(s).
[Session] CONNECT accepted for user admin
[AuthService] Loaded ACL config with 4 users.
Server Address: http://cps-dttest.cs.rptu.de:8088/version
Server Result at get Version:0
data at get Version:None
Login Version 3
Server Address: http://cps-dttest.cs.rptu.de:8088/login
Server Result: 0
Server result at Login{"barrierString":"YTJkNGY4OGMtMTAxNi00MzdhLThjN2QtNDljOGE2YTI2OTFm"}
Server Address: http://cps-dttest.cs.rptu.de:8088/projects
